23:44:07.743 T:3019461280  NOTICE: special://profile/ is mapped to: special://masterprofile/
23:44:07.744 T:3019461280  NOTICE: -----------------------------------------------------------------------
23:44:07.744 T:3019461280  NOTICE: Starting Kodi (17.3 Git:20170525-1789806-dirty). Platform: Linux ARM 32-bit
23:44:07.744 T:3019461280  NOTICE: Using Release Kodi x32 build (version for Raspberry Pi)
23:44:07.744 T:3019461280  NOTICE: Kodi compiled May 25 2017 by GCC 4.9.2 for Linux ARM 32-bit version 3.16.7 (200711)
23:44:07.745 T:3019461280  NOTICE: Running on Raspbian GNU/Linux 8 (jessie), kernel: Linux ARM 32-bit version 4.9.59+
23:44:07.745 T:3019461280  NOTICE: FFmpeg version/source: ffmpeg-3.1-kodi
23:44:07.745 T:3019461280  NOTICE: Host CPU: ARMv6-compatible processor rev 7 (v6l), 1 core available
23:44:07.746 T:3019461280  NOTICE: ARM Features: Neon disabled
23:44:07.746 T:3019461280  NOTICE: special://xbmc/ is mapped to: /usr/share/kodi
23:44:07.746 T:3019461280  NOTICE: special://xbmcbin/ is mapped to: /usr/lib/arm-linux-gnueabihf/kodi
23:44:07.746 T:3019461280  NOTICE: special://xbmcbinaddons/ is mapped to: /usr/lib/arm-linux-gnueabihf/kodi/addons
23:44:07.746 T:3019461280  NOTICE: special://masterprofile/ is mapped to: /root/.kodi/userdata
23:44:07.746 T:3019461280  NOTICE: special://envhome/ is mapped to: /root
23:44:07.746 T:3019461280  NOTICE: special://home/ is mapped to: /root/.kodi
23:44:07.747 T:3019461280  NOTICE: special://temp/ is mapped to: /root/.kodi/temp
23:44:07.747 T:3019461280  NOTICE: special://logpath/ is mapped to: /root/.kodi/temp
23:44:07.747 T:3019461280  NOTICE: The executable running is: /usr/lib/arm-linux-gnueabihf/kodi/kodi.bin
23:44:07.747 T:3019461280  NOTICE: Local hostname: fcb1169a5400
23:44:07.748 T:3019461280  NOTICE: Log File is located: /root/.kodi/temp//kodi.log
23:44:07.748 T:3019461280  NOTICE: -----------------------------------------------------------------------
23:44:07.779 T:3019461280  NOTICE: load settings...
23:44:08.118 T:3019461280  NOTICE: Found 2 Lists of Devices
23:44:08.118 T:3019461280  NOTICE: Enumerated PI devices:
23:44:08.118 T:3019461280  NOTICE:     Device 1
23:44:08.119 T:3019461280  NOTICE:         m_deviceName      : HDMI
23:44:08.119 T:3019461280  NOTICE:         m_displayName     : HDMI
23:44:08.119 T:3019461280  NOTICE:         m_displayNameExtra:
23:44:08.119 T:3019461280  NOTICE:         m_deviceType      : AE_DEVTYPE_HDMI
23:44:08.119 T:3019461280  NOTICE:         m_channels        : FL,FR
23:44:08.120 T:3019461280  NOTICE:         m_sampleRates     : 8000,11025,16000,22050,24000,32000,44100,48000,88200,96000,176400,192000
23:44:08.120 T:3019461280  NOTICE:         m_dataFormats     : AE_FMT_FLOAT,AE_FMT_S32NE,AE_FMT_S16NE,AE_FMT_S32LE,AE_FMT_S16LE,AE_FMT_FLOATP,AE_FMT_S32NEP,AE_FMT_S16NEP,AE_FMT_RAW
23:44:08.120 T:3019461280  NOTICE:         m_streamTypes     : STREAM_TYPE_AC3,STREAM_TYPE_EAC3,STREAM_TYPE_DTSHD_CORE,STREAM_TYPE_DTS_2048,STREAM_TYPE_DTS_1024,STREAM_TYPE_DTS_512
23:44:08.120 T:3019461280  NOTICE:     Device 2
23:44:08.120 T:3019461280  NOTICE:         m_deviceName      : Analogue
23:44:08.121 T:3019461280  NOTICE:         m_displayName     : Analogue
23:44:08.121 T:3019461280  NOTICE:         m_displayNameExtra:
23:44:08.121 T:3019461280  NOTICE:         m_deviceType      : AE_DEVTYPE_PCM
23:44:08.121 T:3019461280  NOTICE:         m_channels        : FL,FR
23:44:08.121 T:3019461280  NOTICE:         m_sampleRates     : 48000
23:44:08.121 T:3019461280  NOTICE:         m_dataFormats     : AE_FMT_FLOAT,AE_FMT_S32LE,AE_FMT_S16LE,AE_FMT_FLOATP,AE_FMT_S32NEP,AE_FMT_S16NEP
23:44:08.122 T:3019461280  NOTICE:         m_streamTypes     : No passthrough capabilities
23:44:08.122 T:3019461280  NOTICE:     Device 3
23:44:08.122 T:3019461280  NOTICE:         m_deviceName      : Both
23:44:08.122 T:3019461280  NOTICE:         m_displayName     : HDMI and Analogue
23:44:08.122 T:3019461280  NOTICE:         m_displayNameExtra:
23:44:08.123 T:3019461280  NOTICE:         m_deviceType      : AE_DEVTYPE_PCM
23:44:08.123 T:3019461280  NOTICE:         m_channels        : FL,FR
23:44:08.123 T:3019461280  NOTICE:         m_sampleRates     : 48000
23:44:08.123 T:3019461280  NOTICE:         m_dataFormats     : AE_FMT_FLOAT,AE_FMT_S32LE,AE_FMT_S16LE,AE_FMT_FLOATP,AE_FMT_S32NEP,AE_FMT_S16NEP
23:44:08.123 T:3019461280  NOTICE:         m_streamTypes     : No passthrough capabilities
23:44:08.123 T:3019461280  NOTICE: Enumerated ALSA devices:
23:44:08.124 T:3019461280  NOTICE:     Device 1
23:44:08.124 T:3019461280  NOTICE:         m_deviceName      : @
23:44:08.124 T:3019461280  NOTICE:         m_displayName     : Default (bcm2835 ALSA bcm2835 ALSA)
23:44:08.124 T:3019461280  NOTICE:         m_displayNameExtra:
23:44:08.124 T:3019461280  NOTICE:         m_deviceType      : AE_DEVTYPE_PCM
23:44:08.124 T:3019461280  NOTICE:         m_channels        : FL,FR
23:44:08.125 T:3019461280  NOTICE:         m_sampleRates     : 8000,11025,16000,22050,32000,44100,48000
23:44:08.125 T:3019461280  NOTICE:         m_dataFormats     : AE_FMT_S16NE,AE_FMT_S16LE,AE_FMT_U8
23:44:08.125 T:3019461280  NOTICE:         m_streamTypes     : No passthrough capabilities
23:44:08.168 T:3019461280  NOTICE: Loaded settings file from special://xbmc/system/advancedsettings.xml
23:44:08.168 T:3019461280  NOTICE: Contents of special://xbmc/system/advancedsettings.xml are...
                                            <?xml version="1.0" encoding="UTF-8" ?>
                                            <advancedsettings>
                                              <fanartres>720</fanartres>
                                              <imageres>540</imageres>
                                              <video>
                                                <busydialogdelayms>750</busydialogdelayms>
                                              </video>
                                              <samba>
                                                <clienttimeout>30</clienttimeout>
                                              </samba>
                                              <cache>
                                                <memorysize>31457280</memorysize>
                                              </cache>
                                            </advancedsettings>
23:44:08.173 T:3019461280  NOTICE: No settings file to load (special://masterprofile/advancedsettings.xml)
23:44:08.173 T:3019461280  NOTICE: Default Video Player: VideoPlayer
23:44:08.173 T:3019461280  NOTICE: Default Audio Player: paplayer
23:44:08.174 T:3019461280  NOTICE: Disabled debug logging due to GUI setting. Level 0.
23:44:08.174 T:3019461280  NOTICE: Log level changed to "LOG_LEVEL_NORMAL"
23:44:08.175 T:3019461280  NOTICE: Loading player core factory settings from special://xbmc/system/playercorefactory.xml.
23:44:08.181 T:3019461280  NOTICE: Loaded playercorefactory configuration
23:44:08.182 T:3019461280  NOTICE: Loading player core factory settings from special://masterprofile/playercorefactory.xml.
23:44:08.183 T:3019461280  NOTICE: special://masterprofile/playercorefactory.xml does not exist. Skipping.
23:44:08.267 T:3019461280  NOTICE: Running database version Addons27
23:44:08.594 T:3019461280  NOTICE: ADDONS: Using repository repository.xbmc.org
23:44:08.645 T:2990535600   ERROR: SetPriority: error Permission denied
23:44:08.908 T:3019461280  NOTICE: Raspberry PI firmware version: Oct 24 2017 17:09:22 
                                            Copyright (c) 2012 Broadcom
                                            version a3d7660e6749e75e2c4ce4d377846abd3b3be283 (clean) (release)
23:44:08.908 T:3019461280  NOTICE: ARM mem: 448MB GPU mem: 64MB MPG2:0 WVC1:0
23:44:08.908 T:3019461280  NOTICE: cache.memorysize: 30MB libass.cache: 0MB
23:44:08.909 T:3019461280  NOTICE: Config:
                                            arm_freq=1000
                                            audio_pwm_mode=1
                                            config_hdmi_boost=5
                                            core_freq=400
                                            disable_auto_turbo=1
                                            disable_commandline_tags=2
                                            force_eeprom_read=1
                                            force_pwm_open=1
                                            framebuffer_ignore_alpha=1
                                            framebuffer_swap=1
                                            gpu_freq=300
                                            hdmi_channel_map=8
                                            hdmi_force_cec_address=65535
                                            ignore_lcd=1
                                            init_uart_clock=0x2dc6c00
                                            over_voltage_avs=0x249f0
                                            over_voltage_avs_boost=0x27ac4
                                            overscan_bottom=48
                                            overscan_left=48
                                            overscan_right=48
                                            overscan_top=48
                                            pause_burst_frames=1
                                            program_serial_random=1
                                            sdram_freq=450
                                            temp_limit=85
23:44:08.909 T:3019461280  NOTICE: Config:
                                            device_tree=-
23:44:08.910 T:3019461280  NOTICE: InitWindowSystem: Using EGL Implementation: raspberrypi
23:44:08.916 T:3019461280  NOTICE: Found resolution 640 x 480 for display 0 with 640 x 480 @ 60.000000 Hz
23:44:08.916 T:3019461280  NOTICE: Found resolution 640 x 480 for display 0 with 640 x 480 @ 59.940063 Hz
23:44:08.917 T:3019461280  NOTICE: Found resolution 640 x 480 for display 0 with 640 x 480 @ 72.000000 Hz
23:44:08.917 T:3019461280  NOTICE: Found resolution 640 x 480 for display 0 with 640 x 480 @ 71.928070 Hz
23:44:08.917 T:3019461280  NOTICE: Found resolution 640 x 480 for display 0 with 640 x 480 @ 75.000000 Hz
23:44:08.917 T:3019461280  NOTICE: Found resolution 800 x 600 for display 0 with 800 x 600 @ 60.000000 Hz
23:44:08.917 T:3019461280  NOTICE: Found resolution 800 x 600 for display 0 with 800 x 600 @ 59.940063 Hz
23:44:08.917 T:3019461280  NOTICE: Found resolution 800 x 600 for display 0 with 800 x 600 @ 72.000000 Hz
23:44:08.918 T:3019461280  NOTICE: Found resolution 800 x 600 for display 0 with 800 x 600 @ 71.928070 Hz
23:44:08.918 T:3019461280  NOTICE: Found resolution 800 x 600 for display 0 with 800 x 600 @ 75.000000 Hz
23:44:08.918 T:3019461280  NOTICE: Found resolution 960 x 720 for display 0 with 1024 x 768 @ 60.000000 Hz
23:44:08.918 T:3019461280  NOTICE: Found resolution 960 x 720 for display 0 with 1024 x 768 @ 59.940063 Hz
23:44:08.918 T:3019461280  NOTICE: Found resolution 960 x 720 for display 0 with 1024 x 768 @ 70.000000 Hz
23:44:08.919 T:3019461280  NOTICE: Found resolution 960 x 720 for display 0 with 1024 x 768 @ 75.000000 Hz
23:44:08.919 T:3019461280  NOTICE: Found resolution 960 x 720 for display 0 with 1152 x 864 @ 75.000000 Hz
23:44:08.919 T:3019461280  NOTICE: Found resolution 1152 x 720 for display 0 with 1280 x 800 @ 60.000000 Hz
23:44:08.919 T:3019461280  NOTICE: Found resolution 1152 x 720 for display 0 with 1280 x 800 @ 59.940063 Hz
23:44:08.919 T:3019461280  NOTICE: Found resolution 900 x 720 for display 0 with 1280 x 1024 @ 60.000000 Hz
23:44:08.919 T:3019461280  NOTICE: Found resolution 900 x 720 for display 0 with 1280 x 1024 @ 59.940063 Hz
23:44:08.920 T:3019461280  NOTICE: Found resolution 900 x 720 for display 0 with 1280 x 1024 @ 75.000000 Hz
23:44:08.920 T:3019461280  NOTICE: Found resolution 1152 x 720 for display 0 with 1440 x 900 @ 60.000000 Hz
23:44:08.920 T:3019461280  NOTICE: Found resolution 1152 x 720 for display 0 with 1440 x 900 @ 59.940063 Hz
23:44:08.920 T:3019461280  NOTICE: Found resolution 1152 x 720 for display 0 with 1680 x 1050 @ 60.000000 Hz
23:44:08.920 T:3019461280  NOTICE: Found resolution 1152 x 720 for display 0 with 1680 x 1050 @ 59.940063 Hz
23:44:08.921 T:3019461280  NOTICE: Found resolution 1280 x 720 for display 0 with 1366 x 768 @ 60.000000 Hz
23:44:08.921 T:3019461280  NOTICE: Found resolution 1280 x 720 for display 0 with 1366 x 768 @ 59.940063 Hz
23:44:08.921 T:3019461280  NOTICE: Found resolution 1280 x 720 for display 0 with 1600 x 900 @ 60.000000 Hz
23:44:08.921 T:3019461280  NOTICE: Found resolution 1280 x 720 for display 0 with 1600 x 900 @ 59.940063 Hz
23:44:08.922 T:3019461280  NOTICE: Found resolution 1280 x 720 for display 0 with 1280 x 720 @ 60.000000 Hz
23:44:08.922 T:3019461280  NOTICE: Found resolution 1280 x 720 for display 0 with 1280 x 720 @ 59.940063 Hz
23:44:08.922 T:3019461280  NOTICE: Found resolution 720 x 480 for display 0 with 720 x 480 @ 60.000000 Hz
23:44:08.922 T:3019461280  NOTICE: Found resolution 720 x 480 for display 0 with 720 x 480 @ 59.940063 Hz
23:44:08.922 T:3019461280  NOTICE: Found resolution 1280 x 720 for display 0 with 1920 x 1080 @ 60.000000 Hz
23:44:08.923 T:3019461280  NOTICE: Found resolution 1280 x 720 for display 0 with 1920 x 1080 @ 59.940063 Hz
23:44:08.923 T:3019461280  NOTICE: Found resolution 720 x 576 for display 0 with 720 x 576 @ 50.000000 Hz
23:44:08.923 T:3019461280  NOTICE: Found resolution 1280 x 720 for display 0 with 1280 x 720 @ 50.000000 Hz
23:44:08.923 T:3019461280  NOTICE: Found resolution 1280 x 720 for display 0 with 1920 x 1080 @ 50.000000 Hz
23:44:08.923 T:3019461280  NOTICE: Found resolution 1280 x 720 for display 0 with 1920 x 1080 @ 24.000000 Hz
23:44:08.924 T:3019461280  NOTICE: Found resolution 1280 x 720 for display 0 with 1920 x 1080 @ 23.976025 Hz
23:44:08.924 T:3019461280  NOTICE: Found resolution 1280 x 720 for display 0 with 1920 x 1080 @ 25.000000 Hz
23:44:08.924 T:3019461280  NOTICE: Found resolution 1280 x 720 for display 0 with 1920 x 1080 @ 30.000000 Hz
23:44:08.924 T:3019461280  NOTICE: Found resolution 1280 x 720 for display 0 with 1920 x 1080 @ 29.970032 Hz
23:44:08.924 T:3019461280  NOTICE: Found (1280x720@60.000000) at 48, setting to RES_DESKTOP at 16
23:44:08.925 T:3019461280  NOTICE: Checking resolution 16
23:44:09.252 T:3019461280  NOTICE: GL_VENDOR = Broadcom
23:44:09.253 T:3019461280  NOTICE: GL_RENDERER = VideoCore IV HW
23:44:09.253 T:3019461280  NOTICE: GL_VERSION = OpenGL ES 2.0
23:44:09.253 T:3019461280  NOTICE: GL_SHADING_LANGUAGE_VERSION = OpenGL ES GLSL ES 1.00
23:44:09.253 T:3019461280  NOTICE: GL_EXTENSIONS = GL_OES_compressed_ETC1_RGB8_texture GL_OES_compressed_paletted_texture GL_OES_texture_npot GL_OES_depth24 GL_OES_vertex_half_float GL_OES_EGL_image GL_OES_EGL_image_external GL_EXT_discard_framebuffer GL_OES_rgb8_rgba8 GL_OES_depth32 GL_OES_mapbuffer GL_EXT_texture_format_BGRA8888 GL_APPLE_rgb_422 GL_EXT_debug_marker
23:44:11.556 T:2889872304  NOTICE: Register - new cec device registered on cec->RPI: CEC Adapter (2708:1001)
23:44:11.561 T:2855281584   ERROR: SetThreadInfo: error Permission denied
23:44:11.584 T:2998924208  NOTICE: Running database version Addons27
23:44:11.591 T:2998924208  NOTICE: Running database version ViewModes6
23:44:11.598 T:2998924208  NOTICE: Running database version Textures13
23:44:11.622 T:2998924208  NOTICE: Running database version MyMusic60
23:44:11.655 T:2998924208  NOTICE: Running database version MyVideos107
23:44:11.663 T:2998924208  NOTICE: Running database version TV29
23:44:11.672 T:2998924208  NOTICE: Running database version Epg11
23:44:11.681 T:3019461280  NOTICE: start dvd mediatype detection
23:44:12.928 T:2831688624   ERROR: SetThreadInfo: error Permission denied
23:44:13.515 T:3019461280 WARNING: JSONRPC: Could not parse type "Setting.Details.SettingList"
23:44:15.509 T:3019461280  NOTICE: initialize done
23:44:15.509 T:3019461280  NOTICE: Running the application...
23:44:15.623 T:3019461280  NOTICE: starting zeroconf publishing
23:44:15.636 T:3019461280  NOTICE: CWebServer[8080]: Started
23:44:15.636 T:3019461280  NOTICE: starting upnp client
23:44:15.678 T:2729472944  NOTICE: ES: Starting UDP Event server on port 9777
23:44:15.679 T:2729472944  NOTICE: UDP: Listening on port 9777 (ipv6 : true)
23:46:23.538 T:3019461280   ERROR: GetDirectory - Error getting /root/.kodi/media/Fonts/
23:46:23.538 T:3019461280   ERROR: GetDirectory - Error getting special://home/media/Fonts/
23:46:23.625 T:3019461280   ERROR: GetDirectory - Error getting /root/.kodi/media/Fonts/
23:46:23.626 T:3019461280   ERROR: GetDirectory - Error getting special://home/media/Fonts/
23:47:48.429 T:2813359024   ERROR: GetDirectory - Error getting
23:48:40.191 T:3019461280   ERROR: Previous line repeats 6 times.
23:48:40.192 T:3019461280   ERROR: GetDirectory - Error getting localhost
23:48:50.724 T:3019461280   ERROR: GetDirectory - Error getting localhost/
23:48:50.729 T:3019461280   ERROR: CGUIMediaWindow::GetDirectory(localhost/) failed
23:49:51.076 T:3019461280   ERROR: GetDirectory - Error getting 127.0.0.1
23:52:46.217 T:2729472944  NOTICE: ES: Incoming connection from Kore Remote
23:53:10.688 T:2697974704   ERROR: GetDirectory - Error getting
23:53:10.857 T:2697974704   ERROR: Previous line repeats 3 times.
23:53:10.857 T:2697974704 WARNING: CreateLoader - unsupported protocol(addons) in addons://sources/image/
23:53:23.669 T:2998924208   ERROR: GetDirectory - Error getting 127.0.0.1/
23:53:56.197 T:2729472944  NOTICE: ES: Client Kore Remote from ::ffff:192.168.25.2 timed out
23:54:50.939 T:2998924208   ERROR: GetDirectory - Error getting 127.0.0.1/
23:55:06.970 T:2697974704   ERROR: GetDirectory - Error getting
23:55:26.863 T:3019461280   ERROR: Previous line repeats 3 times.
23:55:26.864 T:3019461280   ERROR: GetDirectory - Error getting 127.0.0.1/
23:55:26.868 T:3019461280   ERROR: CGUIMediaWindow::GetDirectory(127.0.0.1/) failed
23:57:06.759 T:3019461280   ERROR: Control 18 in window 10129 has been asked to focus, but it can't
00:02:17.344 T:3019461280 WARNING: Create - unsupported protocol(net) in net://
00:02:17.344 T:3019461280   ERROR: Error Getting Directory (net://)
00:02:23.147 T:2697974704 WARNING: Create - unsupported protocol(net) in net://
00:02:23.161 T:2697974704   ERROR: Error Getting Directory (net://)
00:02:40.659 T:3019461280   ERROR: Control 18 in window 10129 has been asked to focus, but it can't
00:03:59.155 T:3019461280  NOTICE: Samba is idle. Closing the remaining connections
00:04:55.643 T:2697974704 WARNING: Create - unsupported protocol(net) in net://
00:04:55.643 T:2697974704   ERROR: Error Getting Directory (net://)
00:06:40.330 T:3019461280  NOTICE: Samba is idle. Closing the remaining connections
00:07:59.320 T:2729472944  NOTICE: ES: Client  from ::ffff:192.168.25.2 timed out
00:30:48.039 T:2813359024 WARNING: CreateLoader - unsupported protocol(addons) in addons://sources/image/
00:31:37.596 T:2982146992  NOTICE: CAESinkPi:AddPackets Underrun (delay:0.00 frames:2205)
00:31:57.435 T:3019461280  NOTICE: Samba is idle. Closing the remaining connections
00:32:41.617 T:2729472944  NOTICE: ES: Client  from ::ffff:192.168.25.2 timed out
