23:33:46.192 T:3019334304  NOTICE: special://profile/ is mapped to: special://masterprofile/
23:33:46.192 T:3019334304  NOTICE: -----------------------------------------------------------------------
23:33:46.192 T:3019334304  NOTICE: Starting Kodi (17.3 Git:20170525-1789806-dirty). Platform: Linux ARM 32-bit
23:33:46.192 T:3019334304  NOTICE: Using Release Kodi x32 build (version for Raspberry Pi)
23:33:46.193 T:3019334304  NOTICE: Kodi compiled May 25 2017 by GCC 4.9.2 for Linux ARM 32-bit version 3.16.7 (200711)
23:33:46.193 T:3019334304  NOTICE: Running on Raspbian GNU/Linux 8 (jessie), kernel: Linux ARM 32-bit version 4.9.59+
23:33:46.202 T:3019334304  NOTICE: FFmpeg version/source: ffmpeg-3.1-kodi
23:33:46.202 T:3019334304  NOTICE: Host CPU: ARMv6-compatible processor rev 7 (v6l), 1 core available
23:33:46.203 T:3019334304  NOTICE: ARM Features: Neon disabled
23:33:46.203 T:3019334304  NOTICE: special://xbmc/ is mapped to: /usr/share/kodi
23:33:46.203 T:3019334304  NOTICE: special://xbmcbin/ is mapped to: /usr/lib/arm-linux-gnueabihf/kodi
23:33:46.203 T:3019334304  NOTICE: special://xbmcbinaddons/ is mapped to: /usr/lib/arm-linux-gnueabihf/kodi/addons
23:33:46.203 T:3019334304  NOTICE: special://masterprofile/ is mapped to: /root/.kodi/userdata
23:33:46.203 T:3019334304  NOTICE: special://envhome/ is mapped to: /root
23:33:46.203 T:3019334304  NOTICE: special://home/ is mapped to: /root/.kodi
23:33:46.204 T:3019334304  NOTICE: special://temp/ is mapped to: /root/.kodi/temp
23:33:46.204 T:3019334304  NOTICE: special://logpath/ is mapped to: /root/.kodi/temp
23:33:46.204 T:3019334304  NOTICE: The executable running is: /usr/lib/arm-linux-gnueabihf/kodi/kodi.bin
23:33:46.204 T:3019334304  NOTICE: Local hostname: 6458b8e03e32
23:33:46.205 T:3019334304  NOTICE: Log File is located: /root/.kodi/temp//kodi.log
23:33:46.205 T:3019334304  NOTICE: -----------------------------------------------------------------------
23:33:46.365 T:3019334304  NOTICE: load settings...
23:33:46.798 T:3019334304  NOTICE: Found 2 Lists of Devices
23:33:46.798 T:3019334304  NOTICE: Enumerated PI devices:
23:33:46.798 T:3019334304  NOTICE:     Device 1
23:33:46.799 T:3019334304  NOTICE:         m_deviceName      : HDMI
23:33:46.799 T:3019334304  NOTICE:         m_displayName     : HDMI
23:33:46.799 T:3019334304  NOTICE:         m_displayNameExtra:
23:33:46.799 T:3019334304  NOTICE:         m_deviceType      : AE_DEVTYPE_HDMI
23:33:46.799 T:3019334304  NOTICE:         m_channels        : FL,FR
23:33:46.800 T:3019334304  NOTICE:         m_sampleRates     : 8000,11025,16000,22050,24000,32000,44100,48000,88200,96000,176400,192000
23:33:46.800 T:3019334304  NOTICE:         m_dataFormats     : AE_FMT_FLOAT,AE_FMT_S32NE,AE_FMT_S16NE,AE_FMT_S32LE,AE_FMT_S16LE,AE_FMT_FLOATP,AE_FMT_S32NEP,AE_FMT_S16NEP,AE_FMT_RAW
23:33:46.800 T:3019334304  NOTICE:         m_streamTypes     : STREAM_TYPE_AC3,STREAM_TYPE_EAC3,STREAM_TYPE_DTSHD_CORE,STREAM_TYPE_DTS_2048,STREAM_TYPE_DTS_1024,STREAM_TYPE_DTS_512
23:33:46.800 T:3019334304  NOTICE:     Device 2
23:33:46.800 T:3019334304  NOTICE:         m_deviceName      : Analogue
23:33:46.800 T:3019334304  NOTICE:         m_displayName     : Analogue
23:33:46.801 T:3019334304  NOTICE:         m_displayNameExtra:
23:33:46.801 T:3019334304  NOTICE:         m_deviceType      : AE_DEVTYPE_PCM
23:33:46.801 T:3019334304  NOTICE:         m_channels        : FL,FR
23:33:46.801 T:3019334304  NOTICE:         m_sampleRates     : 48000
23:33:46.801 T:3019334304  NOTICE:         m_dataFormats     : AE_FMT_FLOAT,AE_FMT_S32LE,AE_FMT_S16LE,AE_FMT_FLOATP,AE_FMT_S32NEP,AE_FMT_S16NEP
23:33:46.801 T:3019334304  NOTICE:         m_streamTypes     : No passthrough capabilities
23:33:46.801 T:3019334304  NOTICE:     Device 3
23:33:46.802 T:3019334304  NOTICE:         m_deviceName      : Both
23:33:46.802 T:3019334304  NOTICE:         m_displayName     : HDMI and Analogue
23:33:46.802 T:3019334304  NOTICE:         m_displayNameExtra:
23:33:46.802 T:3019334304  NOTICE:         m_deviceType      : AE_DEVTYPE_PCM
23:33:46.802 T:3019334304  NOTICE:         m_channels        : FL,FR
23:33:46.802 T:3019334304  NOTICE:         m_sampleRates     : 48000
23:33:46.803 T:3019334304  NOTICE:         m_dataFormats     : AE_FMT_FLOAT,AE_FMT_S32LE,AE_FMT_S16LE,AE_FMT_FLOATP,AE_FMT_S32NEP,AE_FMT_S16NEP
23:33:46.803 T:3019334304  NOTICE:         m_streamTypes     : No passthrough capabilities
23:33:46.803 T:3019334304  NOTICE: Enumerated ALSA devices:
23:33:46.803 T:3019334304  NOTICE:     Device 1
23:33:46.803 T:3019334304  NOTICE:         m_deviceName      : @
23:33:46.803 T:3019334304  NOTICE:         m_displayName     : Default (bcm2835 ALSA bcm2835 ALSA)
23:33:46.803 T:3019334304  NOTICE:         m_displayNameExtra:
23:33:46.804 T:3019334304  NOTICE:         m_deviceType      : AE_DEVTYPE_PCM
23:33:46.804 T:3019334304  NOTICE:         m_channels        : FL,FR
23:33:46.804 T:3019334304  NOTICE:         m_sampleRates     : 8000,11025,16000,22050,32000,44100,48000
23:33:46.804 T:3019334304  NOTICE:         m_dataFormats     : AE_FMT_S16NE,AE_FMT_S16LE,AE_FMT_U8
23:33:46.804 T:3019334304  NOTICE:         m_streamTypes     : No passthrough capabilities
23:33:46.845 T:3019334304   ERROR: CSettings: unable to load settings from special://masterprofile/guisettings.xml, creating new default settings
23:33:46.908 T:3019334304  NOTICE: Loaded settings file from special://xbmc/system/advancedsettings.xml
23:33:46.909 T:3019334304  NOTICE: Contents of special://xbmc/system/advancedsettings.xml are...
                                            <?xml version="1.0" encoding="UTF-8" ?>
                                            <advancedsettings>
                                              <fanartres>720</fanartres>
                                              <imageres>540</imageres>
                                              <video>
                                                <busydialogdelayms>750</busydialogdelayms>
                                              </video>
                                              <samba>
                                                <clienttimeout>30</clienttimeout>
                                              </samba>
                                              <cache>
                                                <memorysize>31457280</memorysize>
                                              </cache>
                                            </advancedsettings>
23:33:46.913 T:3019334304  NOTICE: No settings file to load (special://masterprofile/advancedsettings.xml)
23:33:46.913 T:3019334304  NOTICE: Default Video Player: VideoPlayer
23:33:46.913 T:3019334304  NOTICE: Default Audio Player: paplayer
23:33:46.914 T:3019334304  NOTICE: Disabled debug logging due to GUI setting. Level 0.
23:33:46.914 T:3019334304  NOTICE: Log level changed to "LOG_LEVEL_NORMAL"
23:33:46.914 T:3019334304  NOTICE: Loading player core factory settings from special://xbmc/system/playercorefactory.xml.
23:33:46.917 T:3019334304  NOTICE: Loaded playercorefactory configuration
23:33:46.918 T:3019334304  NOTICE: Loading player core factory settings from special://masterprofile/playercorefactory.xml.
23:33:46.919 T:3019334304  NOTICE: special://masterprofile/playercorefactory.xml does not exist. Skipping.
23:33:47.439 T:3019334304  NOTICE: ADDONS: Using repository repository.xbmc.org
23:33:47.507 T:2990535600   ERROR: SetPriority: error Permission denied
23:33:47.773 T:3019334304  NOTICE: Raspberry PI firmware version: Oct 24 2017 17:09:22 
                                            Copyright (c) 2012 Broadcom
                                            version a3d7660e6749e75e2c4ce4d377846abd3b3be283 (clean) (release)
23:33:47.773 T:3019334304  NOTICE: ARM mem: 448MB GPU mem: 64MB MPG2:0 WVC1:0
23:33:47.773 T:3019334304  NOTICE: cache.memorysize: 30MB libass.cache: 0MB
23:33:47.774 T:3019334304  NOTICE: Config:
                                            arm_freq=1000
                                            audio_pwm_mode=1
                                            config_hdmi_boost=5
                                            core_freq=400
                                            disable_auto_turbo=1
                                            disable_commandline_tags=2
                                            force_eeprom_read=1
                                            force_pwm_open=1
                                            framebuffer_ignore_alpha=1
                                            framebuffer_swap=1
                                            gpu_freq=300
                                            hdmi_channel_map=8
                                            hdmi_force_cec_address=65535
                                            ignore_lcd=1
                                            init_uart_clock=0x2dc6c00
                                            over_voltage_avs=0x249f0
                                            over_voltage_avs_boost=0x27ac4
                                            overscan_bottom=48
                                            overscan_left=48
                                            overscan_right=48
                                            overscan_top=48
                                            pause_burst_frames=1
                                            program_serial_random=1
                                            sdram_freq=450
                                            temp_limit=85
23:33:47.775 T:3019334304  NOTICE: Config:
                                            device_tree=-
23:33:47.775 T:3019334304  NOTICE: InitWindowSystem: Using EGL Implementation: raspberrypi
23:33:47.782 T:3019334304  NOTICE: Found resolution 640 x 480 for display 0 with 640 x 480 @ 60.000000 Hz
23:33:47.782 T:3019334304  NOTICE: Found resolution 640 x 480 for display 0 with 640 x 480 @ 59.940063 Hz
23:33:47.782 T:3019334304  NOTICE: Found resolution 640 x 480 for display 0 with 640 x 480 @ 72.000000 Hz
23:33:47.782 T:3019334304  NOTICE: Found resolution 640 x 480 for display 0 with 640 x 480 @ 71.928070 Hz
23:33:47.783 T:3019334304  NOTICE: Found resolution 640 x 480 for display 0 with 640 x 480 @ 75.000000 Hz
23:33:47.783 T:3019334304  NOTICE: Found resolution 800 x 600 for display 0 with 800 x 600 @ 60.000000 Hz
23:33:47.783 T:3019334304  NOTICE: Found resolution 800 x 600 for display 0 with 800 x 600 @ 59.940063 Hz
23:33:47.783 T:3019334304  NOTICE: Found resolution 800 x 600 for display 0 with 800 x 600 @ 72.000000 Hz
23:33:47.783 T:3019334304  NOTICE: Found resolution 800 x 600 for display 0 with 800 x 600 @ 71.928070 Hz
23:33:47.784 T:3019334304  NOTICE: Found resolution 800 x 600 for display 0 with 800 x 600 @ 75.000000 Hz
23:33:47.784 T:3019334304  NOTICE: Found resolution 960 x 720 for display 0 with 1024 x 768 @ 60.000000 Hz
23:33:47.784 T:3019334304  NOTICE: Found resolution 960 x 720 for display 0 with 1024 x 768 @ 59.940063 Hz
23:33:47.784 T:3019334304  NOTICE: Found resolution 960 x 720 for display 0 with 1024 x 768 @ 70.000000 Hz
23:33:47.784 T:3019334304  NOTICE: Found resolution 960 x 720 for display 0 with 1024 x 768 @ 75.000000 Hz
23:33:47.785 T:3019334304  NOTICE: Found resolution 960 x 720 for display 0 with 1152 x 864 @ 75.000000 Hz
23:33:47.785 T:3019334304  NOTICE: Found resolution 1152 x 720 for display 0 with 1280 x 800 @ 60.000000 Hz
23:33:47.785 T:3019334304  NOTICE: Found resolution 1152 x 720 for display 0 with 1280 x 800 @ 59.940063 Hz
23:33:47.785 T:3019334304  NOTICE: Found resolution 900 x 720 for display 0 with 1280 x 1024 @ 60.000000 Hz
23:33:47.785 T:3019334304  NOTICE: Found resolution 900 x 720 for display 0 with 1280 x 1024 @ 59.940063 Hz
23:33:47.786 T:3019334304  NOTICE: Found resolution 900 x 720 for display 0 with 1280 x 1024 @ 75.000000 Hz
23:33:47.786 T:3019334304  NOTICE: Found resolution 1152 x 720 for display 0 with 1440 x 900 @ 60.000000 Hz
23:33:47.786 T:3019334304  NOTICE: Found resolution 1152 x 720 for display 0 with 1440 x 900 @ 59.940063 Hz
23:33:47.786 T:3019334304  NOTICE: Found resolution 1152 x 720 for display 0 with 1680 x 1050 @ 60.000000 Hz
23:33:47.786 T:3019334304  NOTICE: Found resolution 1152 x 720 for display 0 with 1680 x 1050 @ 59.940063 Hz
23:33:47.787 T:3019334304  NOTICE: Found resolution 1280 x 720 for display 0 with 1366 x 768 @ 60.000000 Hz
23:33:47.787 T:3019334304  NOTICE: Found resolution 1280 x 720 for display 0 with 1366 x 768 @ 59.940063 Hz
23:33:47.787 T:3019334304  NOTICE: Found resolution 1280 x 720 for display 0 with 1600 x 900 @ 60.000000 Hz
23:33:47.787 T:3019334304  NOTICE: Found resolution 1280 x 720 for display 0 with 1600 x 900 @ 59.940063 Hz
23:33:47.789 T:3019334304  NOTICE: Found resolution 1280 x 720 for display 0 with 1280 x 720 @ 60.000000 Hz
23:33:47.789 T:3019334304  NOTICE: Found resolution 1280 x 720 for display 0 with 1280 x 720 @ 59.940063 Hz
23:33:47.790 T:3019334304  NOTICE: Found resolution 720 x 480 for display 0 with 720 x 480 @ 60.000000 Hz
23:33:47.791 T:3019334304  NOTICE: Found resolution 720 x 480 for display 0 with 720 x 480 @ 59.940063 Hz
23:33:47.791 T:3019334304  NOTICE: Found resolution 1280 x 720 for display 0 with 1920 x 1080 @ 60.000000 Hz
23:33:47.791 T:3019334304  NOTICE: Found resolution 1280 x 720 for display 0 with 1920 x 1080 @ 59.940063 Hz
23:33:47.791 T:3019334304  NOTICE: Found resolution 720 x 576 for display 0 with 720 x 576 @ 50.000000 Hz
23:33:47.791 T:3019334304  NOTICE: Found resolution 1280 x 720 for display 0 with 1280 x 720 @ 50.000000 Hz
23:33:47.792 T:3019334304  NOTICE: Found resolution 1280 x 720 for display 0 with 1920 x 1080 @ 50.000000 Hz
23:33:47.792 T:3019334304  NOTICE: Found resolution 1280 x 720 for display 0 with 1920 x 1080 @ 24.000000 Hz
23:33:47.792 T:3019334304  NOTICE: Found resolution 1280 x 720 for display 0 with 1920 x 1080 @ 23.976025 Hz
23:33:47.792 T:3019334304  NOTICE: Found resolution 1280 x 720 for display 0 with 1920 x 1080 @ 25.000000 Hz
23:33:47.793 T:3019334304  NOTICE: Found resolution 1280 x 720 for display 0 with 1920 x 1080 @ 30.000000 Hz
23:33:47.793 T:3019334304  NOTICE: Found resolution 1280 x 720 for display 0 with 1920 x 1080 @ 29.970032 Hz
23:33:47.793 T:3019334304  NOTICE: Found (1280x720@60.000000) at 48, setting to RES_DESKTOP at 16
23:33:47.793 T:3019334304  NOTICE: Checking resolution 16
23:33:48.132 T:3019334304  NOTICE: GL_VENDOR = Broadcom
23:33:48.142 T:3019334304  NOTICE: GL_RENDERER = VideoCore IV HW
23:33:48.142 T:3019334304  NOTICE: GL_VERSION = OpenGL ES 2.0
23:33:48.142 T:3019334304  NOTICE: GL_SHADING_LANGUAGE_VERSION = OpenGL ES GLSL ES 1.00
23:33:48.142 T:3019334304  NOTICE: GL_EXTENSIONS = GL_OES_compressed_ETC1_RGB8_texture GL_OES_compressed_paletted_texture GL_OES_texture_npot GL_OES_depth24 GL_OES_vertex_half_float GL_OES_EGL_image GL_OES_EGL_image_external GL_EXT_discard_framebuffer GL_OES_rgb8_rgba8 GL_OES_depth32 GL_OES_mapbuffer GL_EXT_texture_format_BGRA8888 GL_APPLE_rgb_422 GL_EXT_debug_marker
23:33:50.514 T:2889872304  NOTICE: Register - new cec device registered on cec->RPI: CEC Adapter (2708:1001)
23:33:50.517 T:2855281584   ERROR: SetThreadInfo: error Permission denied
23:33:50.561 T:2998924208  NOTICE: Running database version Addons27
23:33:51.478 T:3019334304  NOTICE: start dvd mediatype detection
23:33:51.797 T:3019334304 WARNING: CSkinInfo: failed to load skin settings
23:33:51.862 T:2837517232   ERROR: SetThreadInfo: error Permission denied
23:33:53.667 T:3019334304 WARNING: JSONRPC: Could not parse type "Setting.Details.SettingList"
23:33:55.521 T:3019334304  NOTICE: initialize done
23:33:55.521 T:3019334304  NOTICE: Running the application...
23:33:55.605 T:3019334304  NOTICE: starting zeroconf publishing
23:33:55.605 T:3019334304  NOTICE: starting upnp client
23:33:55.687 T:2754835376  NOTICE: ES: Starting UDP Event server on port 9777
23:33:55.688 T:2754835376  NOTICE: UDP: Listening on port 9777 (ipv6 : false)
23:33:55.833 T:3019334304 WARNING: CLangInfo: unable to load language "resource.language.pt_pt". Trying to determine matching language addon...
23:33:55.858 T:3019334304 WARNING: CLangInfo: unable to find an installed language addon matching "resource.language.pt_pt". Trying to find an installable language...
23:33:56.738 T:2737796016   ERROR: SetThreadInfo: error Permission denied
23:34:14.227 T:2998924208   ERROR: Previous line repeats 11 times.
23:34:14.227 T:2998924208   ERROR: CAddonInstallJob[metadata.album.universal]: failed to install dependency metadata.common.musicbrainz.org
23:34:14.531 T:2677011376   ERROR: SetThreadInfo: error Permission denied
